<?xml version="1.0" encoding="UTF-8"?>
<!-- Generated by org.testng.reporters.JUnitReportReporter -->
<testsuite hostname="EPBYGOMW0318" name="com.epam.gomel.tests.WrongLoginTest" tests="1" failures="0" timestamp="14 Dec 2016 08:02:19 GMT" time="9.855" errors="0">
  <testcase name="wrongLoginTest" time="9.855" classname="com.epam.gomel.tests.WrongLoginTest"/>
</testsuite> <!-- com.epam.gomel.tests.WrongLoginTest -->
