<?xml version="1.0" encoding="UTF-8"?>
<!-- Generated by org.testng.reporters.JUnitReportReporter -->
<testsuite hostname="EPBYGOMW0318" name="com.epam.gomel.tests.SendLetterWithoutRecipientTest" tests="1" failures="0" timestamp="14 Dec 2016 08:02:19 GMT" time="19.483" errors="0">
  <testcase name="sendLetterWithoutRecipientTest" time="19.483" classname="com.epam.gomel.tests.SendLetterWithoutRecipientTest"/>
</testsuite> <!-- com.epam.gomel.tests.SendLetterWithoutRecipientTest -->
