<?xml version="1.0" encoding="UTF-8"?>
<!-- Generated by org.testng.reporters.JUnitReportReporter -->
<testsuite hostname="EPBYGOMW0318" name="com.epam.gomel.tests.yandexdisk.RestoreFileTest" tests="1" failures="0" timestamp="14 Dec 2016 10:09:28 GMT" time="27.516" errors="0">
  <testcase name="restoreFileTest" time="27.516" classname="com.epam.gomel.tests.yandexdisk.RestoreFileTest"/>
</testsuite> <!-- com.epam.gomel.tests.yandexdisk.RestoreFileTest -->
