<?xml version="1.0" encoding="UTF-8"?>
<!-- Generated by org.testng.reporters.JUnitReportReporter -->
<testsuite hostname="EPBYGOMW0318" name="com.epam.gomel.tat.test.BaseChromeTests" tests="10" failures="0" timestamp="8 Dec 2016 07:43:09 GMT" time="196.664" errors="0">
  <testcase name="loginTest" time="19.856" classname="com.epam.gomel.tat.test.BaseChromeTests"/>
  <testcase name="sendEmailWithoutSubjectAndBodyTest" time="28.086" classname="com.epam.gomel.tat.test.BaseChromeTests"/>
  <testcase name="deleteDraftMailTest" time="30.059" classname="com.epam.gomel.tat.test.BaseChromeTests"/>
  <testcase name="emptyMessageIndexFolderTest" time="17.429" classname="com.epam.gomel.tat.test.BaseChromeTests"/>
  <testcase name="loginTestInboxFolder" time="15.199" classname="com.epam.gomel.tat.test.BaseChromeTests"/>
  <testcase name="wrongLoginTest" time="9.236" classname="com.epam.gomel.tat.test.BaseChromeTests"/>
  <testcase name="loginTestSendFolder" time="18.521" classname="com.epam.gomel.tat.test.BaseChromeTests"/>
  <testcase name="noEmailWithoutProperlyFilledAddressTest" time="17.947" classname="com.epam.gomel.tat.test.BaseChromeTests"/>
  <testcase name="sendEmailWithoutProperlyFilledAddressTest" time="19.762" classname="com.epam.gomel.tat.test.BaseChromeTests"/>
  <testcase name="createDraftMailTest" time="20.569" classname="com.epam.gomel.tat.test.BaseChromeTests"/>
</testsuite> <!-- com.epam.gomel.tat.test.BaseChromeTests -->
