<?xml version="1.0" encoding="UTF-8"?>
<!-- Generated by org.testng.reporters.JUnitReportReporter -->
<testsuite hostname="EPBYGOMW0318" name="com.epam.gomel.tat.test.BaseChromeTests2" tests="2" failures="0" timestamp="7 Dec 2016 15:03:51 GMT" time="43.495" errors="0">
  <testcase name="deleteDraftMailTest" time="25.151" classname="com.epam.gomel.tat.test.BaseChromeTests2"/>
  <testcase name="createDraftMailTest" time="18.344" classname="com.epam.gomel.tat.test.BaseChromeTests2"/>
</testsuite> <!-- com.epam.gomel.tat.test.BaseChromeTests2 -->
