<?xml version="1.0" encoding="UTF-8"?>
<!-- Generated by org.testng.reporters.JUnitReportReporter -->
<testsuite hostname="EPBYGOMW0318" name="com.epam.gomel.tests.SaveAndDeleteDraftLetterTest" tests="3" failures="0" timestamp="14 Dec 2016 08:02:19 GMT" time="22.815" errors="0">
  <testcase name="deleteLetterFromTrashTest" time="5.095" classname="com.epam.gomel.tests.SaveAndDeleteDraftLetterTest"/>
  <testcase name="saveLetterAsDraftTest" time="12.193" classname="com.epam.gomel.tests.SaveAndDeleteDraftLetterTest"/>
  <testcase name="deleteLetterFromDraftTest" time="5.527" classname="com.epam.gomel.tests.SaveAndDeleteDraftLetterTest"/>
</testsuite> <!-- com.epam.gomel.tests.SaveAndDeleteDraftLetterTest -->
