<?xml version="1.0" encoding="UTF-8"?>
<!-- Generated by org.testng.reporters.JUnitReportReporter -->
<testsuite hostname="EPBYGOMW0318" name="com.epam.gomel.tests.mail.SendFullLetterTest" tests="1" failures="0" timestamp="14 Dec 2016 10:09:28 GMT" time="13.069" errors="0">
  <testcase name="sendFullLetterTest" time="13.069" classname="com.epam.gomel.tests.mail.SendFullLetterTest"/>
</testsuite> <!-- com.epam.gomel.tests.mail.SendFullLetterTest -->
