<?xml version="1.0" encoding="UTF-8"?>
<!-- Generated by org.testng.reporters.JUnitReportReporter -->
<testsuite hostname="EPBYGOMW0318" name="com.epam.gomel.tests.mail.SaveAndDeleteDraftLetterTest" tests="3" failures="0" timestamp="14 Dec 2016 10:09:28 GMT" time="17.165" errors="0">
  <testcase name="deleteLetterFromDraftTest" time="3.674" classname="com.epam.gomel.tests.mail.SaveAndDeleteDraftLetterTest"/>
  <testcase name="deleteLetterFromTrashTest" time="3.052" classname="com.epam.gomel.tests.mail.SaveAndDeleteDraftLetterTest"/>
  <testcase name="saveLetterAsDraftTest" time="10.439" classname="com.epam.gomel.tests.mail.SaveAndDeleteDraftLetterTest"/>
</testsuite> <!-- com.epam.gomel.tests.mail.SaveAndDeleteDraftLetterTest -->
