<?xml version="1.0" encoding="UTF-8"?>
<!-- Generated by org.testng.reporters.JUnitReportReporter -->
<testsuite hostname="EPBYGOMW0318" name="com.epam.gomel.tests.SendFullLetterTest" tests="1" failures="0" timestamp="14 Dec 2016 08:02:19 GMT" time="14.700" errors="0">
  <testcase name="sendFullLetterTest" time="14.700" classname="com.epam.gomel.tests.SendFullLetterTest"/>
</testsuite> <!-- com.epam.gomel.tests.SendFullLetterTest -->
