<?xml version="1.0" encoding="UTF-8"?>
<!-- Generated by org.testng.reporters.JUnitReportReporter -->
<testsuite hostname="EPBYGOMW0318" name="com.epam.gomel.tests.yandexdisk.RemoveSeveralFilesTest" tests="1" failures="0" timestamp="14 Dec 2016 10:09:28 GMT" time="17.075" errors="0">
  <testcase name="removeFileTest" time="17.075" classname="com.epam.gomel.tests.yandexdisk.RemoveSeveralFilesTest"/>
</testsuite> <!-- com.epam.gomel.tests.yandexdisk.RemoveSeveralFilesTest -->
