<?xml version="1.0" encoding="UTF-8"?>
<!-- Generated by org.testng.reporters.JUnitReportReporter -->
<testsuite hostname="EPBYGOMW0318" name="com.epam.gomel.tat.test.BaseChromeSendWrongAddressTest" tests="1" failures="0" timestamp="5 Dec 2016 14:02:06 GMT" time="14.204" errors="0">
  <testcase name="sendEmailWithoutProperlyFilledAddressTest" time="14.204" classname="com.epam.gomel.tat.test.BaseChromeSendWrongAddressTest"/>
</testsuite> <!-- com.epam.gomel.tat.test.BaseChromeSendWrongAddressTest -->
