<?xml version="1.0" encoding="UTF-8"?>
<!-- Generated by org.testng.reporters.JUnitReportReporter -->
<testsuite hostname="EPBYGOMW0318" name="com.epam.gomel.tat.test.Tests" tests="9" failures="0" timestamp="9 Dec 2016 17:52:34 GMT" time="175.438" errors="0">
  <testcase name="wrongLoginTest" time="7.060" classname="com.epam.gomel.tat.test.Tests"/>
  <testcase name="loginTest" time="15.483" classname="com.epam.gomel.tat.test.Tests"/>
  <testcase name="deleteDraftMailTest" time="39.799" classname="com.epam.gomel.tat.test.Tests"/>
  <testcase name="sendEmailWithoutProperlyFilledAddressTest" time="25.713" classname="com.epam.gomel.tat.test.Tests"/>
  <testcase name="createDraftMailTest" time="18.073" classname="com.epam.gomel.tat.test.Tests"/>
  <testcase name="loginTestInboxFolder" time="14.240" classname="com.epam.gomel.tat.test.Tests"/>
  <testcase name="emptyMessageIndexFolderTest" time="14.565" classname="com.epam.gomel.tat.test.Tests"/>
  <testcase name="loginTestSendFolder" time="23.503" classname="com.epam.gomel.tat.test.Tests"/>
  <testcase name="sendEmailWithoutSubjectAndBodyTest" time="17.002" classname="com.epam.gomel.tat.test.Tests"/>
</testsuite> <!-- com.epam.gomel.tat.test.Tests -->
