<?xml version="1.0" encoding="UTF-8"?>
<!-- Generated by org.testng.reporters.JUnitReportReporter -->
<testsuite hostname="EPBYGOMW0318" name="com.epam.gomel.tests.yandexdisk.WrongLoginTest" tests="1" failures="0" timestamp="14 Dec 2016 10:09:28 GMT" time="12.510" errors="0">
  <testcase name="wrongLoginTest" time="12.510" classname="com.epam.gomel.tests.yandexdisk.WrongLoginTest"/>
</testsuite> <!-- com.epam.gomel.tests.yandexdisk.WrongLoginTest -->
