<?xml version="1.0" encoding="UTF-8"?>
<!-- Generated by org.testng.reporters.JUnitReportReporter -->
<testsuite hostname="EPBYGOMW0318" name="com.epam.gomel.tests.SendLetterWithoutSubjectAndBodyTest" tests="1" failures="0" timestamp="14 Dec 2016 08:02:19 GMT" time="14.906" errors="0">
  <testcase name="sendLetterWithoutSubjectAndBodyTest" time="14.906" classname="com.epam.gomel.tests.SendLetterWithoutSubjectAndBodyTest"/>
</testsuite> <!-- com.epam.gomel.tests.SendLetterWithoutSubjectAndBodyTest -->
