<?xml version="1.0" encoding="UTF-8"?>
<!-- Generated by org.testng.reporters.JUnitReportReporter -->
<testsuite hostname="EPBYGOMW0318" name="com.epam.gomel.tat.test.MyTest" tests="1" failures="0" timestamp="5 Dec 2016 07:43:45 GMT" time="11.382" errors="0">
  <testcase name="myFirstDriverTest" time="11.382" classname="com.epam.gomel.tat.test.MyTest"/>
</testsuite> <!-- com.epam.gomel.tat.test.MyTest -->
