<?xml version="1.0" encoding="UTF-8"?>
<!-- Generated by org.testng.reporters.JUnitReportReporter -->
<testsuite hostname="EPBYGOMW0318" name="com.epam.gomel.tat.test.YandexDiskTests" tests="9" failures="0" timestamp="9 Dec 2016 17:52:34 GMT" time="195.338" errors="0">
  <testcase name="uploadAndCheckForRestore" time="26.624" classname="com.epam.gomel.tat.test.YandexDiskTests"/>
  <testcase name="checkAttachment" time="17.769" classname="com.epam.gomel.tat.test.YandexDiskTests"/>
  <testcase name="trashIsEmptyTest" time="27.190" classname="com.epam.gomel.tat.test.YandexDiskTests"/>
  <testcase name="removeSeveralElementsAtOnceTest" time="21.096" classname="com.epam.gomel.tat.test.YandexDiskTests"/>
  <testcase name="yandexDiskSaveAttachment" time="26.641" classname="com.epam.gomel.tat.test.YandexDiskTests"/>
  <testcase name="restoredTest" time="14.754" classname="com.epam.gomel.tat.test.YandexDiskTests"/>
  <testcase name="trashTest" time="22.675" classname="com.epam.gomel.tat.test.YandexDiskTests"/>
  <testcase name="restoreTest" time="22.201" classname="com.epam.gomel.tat.test.YandexDiskTests"/>
  <testcase name="addOneMoreFileTest" time="16.388" classname="com.epam.gomel.tat.test.YandexDiskTests"/>
</testsuite> <!-- com.epam.gomel.tat.test.YandexDiskTests -->
